<?xml version="1.0" encoding="UTF-8"?>
<coverage generated="1556905383208" clover="3.2.0">
  <project timestamp="1556905383209" name="All files">
    <metrics statements="54" coveredstatements="51" conditionals="8" coveredconditionals="7" methods="16" coveredmethods="15" elements="78" coveredelements="73" complexity="0" loc="54" ncloc="54" packages="2" files="5" classes="5"/>
    <package name="src">
      <metrics statements="47" coveredstatements="44" conditionals="6" coveredconditionals="5" methods="15" coveredmethods="14"/>
      <file name="index.ts" path="/home/stefan/Documents/Musicplayer/Backend_Multirepo/modules/logger/src/index.ts">
        <metrics statements="3" coveredstatements="3" conditionals="0" coveredconditionals="0" methods="0" coveredmethods="0"/>
        <line num="1" count="6" type="stmt"/>
        <line num="2" count="6" type="stmt"/>
        <line num="4" count="6" type="stmt"/>
      </file>
      <file name="log_functions.ts" path="/home/stefan/Documents/Musicplayer/Backend_Multirepo/modules/logger/src/log_functions.ts">
        <metrics statements="15" coveredstatements="15" conditionals="0" coveredconditionals="0" methods="7" coveredmethods="7"/>
        <line num="1" count="6" type="stmt"/>
        <line num="2" count="6" type="stmt"/>
        <line num="7" count="36" type="stmt"/>
        <line num="10" count="6" type="stmt"/>
        <line num="11" count="6" type="stmt"/>
        <line num="14" count="6" type="stmt"/>
        <line num="15" count="6" type="stmt"/>
        <line num="18" count="6" type="stmt"/>
        <line num="19" count="6" type="stmt"/>
        <line num="22" count="6" type="stmt"/>
        <line num="23" count="6" type="stmt"/>
        <line num="26" count="6" type="stmt"/>
        <line num="27" count="6" type="stmt"/>
        <line num="30" count="6" type="stmt"/>
        <line num="31" count="6" type="stmt"/>
      </file>
      <file name="logger.ts" path="/home/stefan/Documents/Musicplayer/Backend_Multirepo/modules/logger/src/logger.ts">
        <metrics statements="25" coveredstatements="22" conditionals="4" coveredconditionals="3" methods="6" coveredmethods="5"/>
        <line num="1" count="6" type="stmt"/>
        <line num="3" count="6" type="stmt"/>
        <line num="4" count="6" type="stmt"/>
        <line num="8" count="6" type="stmt"/>
        <line num="16" count="36" type="cond" truecount="1" falsecount="1"/>
        <line num="17" count="36" type="stmt"/>
        <line num="19" count="36" type="stmt"/>
        <line num="24" count="36" type="stmt"/>
        <line num="26" count="36" type="stmt"/>
        <line num="27" count="36" type="stmt"/>
        <line num="31" count="36" type="stmt"/>
        <line num="32" count="36" type="stmt"/>
        <line num="38" count="36" type="stmt"/>
        <line num="42" count="0" type="stmt"/>
        <line num="46" count="54" type="cond" truecount="2" falsecount="0"/>
        <line num="47" count="6" type="stmt"/>
        <line num="48" count="6" type="stmt"/>
        <line num="49" count="6" type="stmt"/>
        <line num="50" count="6" type="stmt"/>
        <line num="54" count="48" type="stmt"/>
        <line num="61" count="48" type="stmt"/>
        <line num="62" count="48" type="stmt"/>
        <line num="63" count="48" type="stmt"/>
        <line num="65" count="0" type="stmt"/>
        <line num="66" count="0" type="stmt"/>
      </file>
      <file name="message-bus.ts" path="/home/stefan/Documents/Musicplayer/Backend_Multirepo/modules/logger/src/message-bus.ts">
        <metrics statements="4" coveredstatements="4" conditionals="2" coveredconditionals="2" methods="2" coveredmethods="2"/>
        <line num="1" count="6" type="stmt"/>
        <line num="3" count="6" type="stmt"/>
        <line num="10" count="6" type="stmt"/>
        <line num="15" count="108" type="cond" truecount="2" falsecount="0"/>
      </file>
    </package>
    <package name="src.enums">
      <metrics statements="7" coveredstatements="7" conditionals="2" coveredconditionals="2" methods="1" coveredmethods="1"/>
      <file name="LogLevel.ts" path="/home/stefan/Documents/Musicplayer/Backend_Multirepo/modules/logger/src/enums/LogLevel.ts">
        <metrics statements="7" coveredstatements="7" conditionals="2" coveredconditionals="2" methods="1" coveredmethods="1"/>
        <line num="1" count="6" type="cond" truecount="2" falsecount="0"/>
        <line num="2" count="6" type="stmt"/>
        <line num="3" count="6" type="stmt"/>
        <line num="4" count="6" type="stmt"/>
        <line num="5" count="6" type="stmt"/>
        <line num="6" count="6" type="stmt"/>
        <line num="7" count="6" type="stmt"/>
      </file>
    </package>
  </project>
</coverage>
