{"/home/stefan/Documents/Musicplayer/Backend_Multirepo/modules/logger/src/index.ts": {"path":"/home/stefan/Documents/Musicplayer/Backend_Multirepo/modules/logger/src/index.ts","statementMap":{"0":{"start":{"line":1,"column":0},"end":{"line":1,"column":9}},"1":{"start":{"line":1,"column":9},"end":{"line":1,"column":34}},"2":{"start":{"line":2,"column":0},"end":{"line":2,"column":9}},"3":{"start":{"line":2,"column":9},"end":{"line":2,"column":44}},"4":{"start":{"line":4,"column":0},"end":{"line":4,"column":32}}},"fnMap":{},"branchMap":{},"s":{"0":6,"1":6,"2":6,"3":6,"4":6},"f":{},"b":{}}
,"/home/stefan/Documents/Musicplayer/Backend_Multirepo/modules/logger/src/log_functions.ts": {"path":"/home/stefan/Documents/Musicplayer/Backend_Multirepo/modules/logger/src/log_functions.ts","statementMap":{"0":{"start":{"line":1,"column":0},"end":{"line":1,"column":44}},"1":{"start":{"line":2,"column":0},"end":{"line":2,"column":43}},"2":{"start":{"line":7,"column":2},"end":{"line":7,"column":83}},"3":{"start":{"line":11,"column":2},"end":{"line":11,"column":40}},"4":{"start":{"line":10,"column":0},"end":{"line":10,"column":16}},"5":{"start":{"line":15,"column":2},"end":{"line":15,"column":39}},"6":{"start":{"line":14,"column":0},"end":{"line":14,"column":16}},"7":{"start":{"line":19,"column":2},"end":{"line":19,"column":39}},"8":{"start":{"line":18,"column":0},"end":{"line":18,"column":16}},"9":{"start":{"line":23,"column":2},"end":{"line":23,"column":42}},"10":{"start":{"line":22,"column":0},"end":{"line":22,"column":16}},"11":{"start":{"line":27,"column":2},"end":{"line":27,"column":40}},"12":{"start":{"line":26,"column":0},"end":{"line":26,"column":16}},"13":{"start":{"line":31,"column":2},"end":{"line":31,"column":40}},"14":{"start":{"line":30,"column":0},"end":{"line":30,"column":16}}},"fnMap":{"0":{"name":"log","decl":{"start":{"line":6,"column":9},"end":{"line":6,"column":12}},"loc":{"start":{"line":6,"column":70},"end":{"line":8,"column":1}}},"1":{"name":"log_error","decl":{"start":{"line":10,"column":16},"end":{"line":10,"column":25}},"loc":{"start":{"line":10,"column":66},"end":{"line":12,"column":1}}},"2":{"name":"log_warn","decl":{"start":{"line":14,"column":16},"end":{"line":14,"column":24}},"loc":{"start":{"line":14,"column":65},"end":{"line":16,"column":1}}},"3":{"name":"log_info","decl":{"start":{"line":18,"column":16},"end":{"line":18,"column":24}},"loc":{"start":{"line":18,"column":65},"end":{"line":20,"column":1}}},"4":{"name":"log_verbose","decl":{"start":{"line":22,"column":16},"end":{"line":22,"column":27}},"loc":{"start":{"line":22,"column":68},"end":{"line":24,"column":1}}},"5":{"name":"log_debug","decl":{"start":{"line":26,"column":16},"end":{"line":26,"column":25}},"loc":{"start":{"line":26,"column":66},"end":{"line":28,"column":1}}},"6":{"name":"log_silly","decl":{"start":{"line":30,"column":16},"end":{"line":30,"column":25}},"loc":{"start":{"line":30,"column":66},"end":{"line":32,"column":1}}}},"branchMap":{},"s":{"0":6,"1":6,"2":36,"3":6,"4":6,"5":6,"6":6,"7":6,"8":6,"9":6,"10":6,"11":6,"12":6,"13":6,"14":6},"f":{"0":36,"1":6,"2":6,"3":6,"4":6,"5":6,"6":6},"b":{}}
,"/home/stefan/Documents/Musicplayer/Backend_Multirepo/modules/logger/src/logger.ts": {"path":"/home/stefan/Documents/Musicplayer/Backend_Multirepo/modules/logger/src/logger.ts","statementMap":{"0":{"start":{"line":1,"column":0},"end":{"line":1,"column":31}},"1":{"start":{"line":3,"column":0},"end":{"line":3,"column":44}},"2":{"start":{"line":4,"column":0},"end":{"line":4,"column":43}},"3":{"start":{"line":16,"column":21},"end":{"line":16,"column":45}},"4":{"start":{"line":17,"column":4},"end":{"line":17,"column":64}},"5":{"start":{"line":19,"column":4},"end":{"line":19,"column":35}},"6":{"start":{"line":24,"column":4},"end":{"line":24,"column":77}},"7":{"start":{"line":26,"column":4},"end":{"line":26,"column":82}},"8":{"start":{"line":27,"column":4},"end":{"line":27,"column":81}},"9":{"start":{"line":31,"column":4},"end":{"line":31,"column":53}},"10":{"start":{"line":32,"column":4},"end":{"line":32,"column":33}},"11":{"start":{"line":38,"column":4},"end":{"line":38,"column":63}},"12":{"start":{"line":42,"column":4},"end":{"line":42,"column":53}},"13":{"start":{"line":46,"column":4},"end":{"line":51,"column":null}},"14":{"start":{"line":47,"column":6},"end":{"line":47,"column":51}},"15":{"start":{"line":48,"column":6},"end":{"line":48,"column":54}},"16":{"start":{"line":49,"column":6},"end":{"line":49,"column":52}},"17":{"start":{"line":50,"column":6},"end":{"line":50,"column":18}},"18":{"start":{"line":54,"column":17},"end":{"line":59,"column":6}},"19":{"start":{"line":61,"column":4},"end":{"line":67,"column":null}},"20":{"start":{"line":62,"column":6},"end":{"line":62,"column":47}},"21":{"start":{"line":63,"column":6},"end":{"line":63,"column":18}},"22":{"start":{"line":65,"column":6},"end":{"line":65,"column":23}},"23":{"start":{"line":66,"column":6},"end":{"line":66,"column":19}},"24":{"start":{"line":8,"column":0},"end":{"line":8,"column":13}}},"fnMap":{"0":{"name":"(anonymous_6)","decl":{"start":{"line":15,"column":2},"end":{"line":15,"column":14}},"loc":{"start":{"line":15,"column":94},"end":{"line":20,"column":3}}},"1":{"name":"(anonymous_7)","decl":{"start":{"line":23,"column":9},"end":{"line":23,"column":14}},"loc":{"start":{"line":23,"column":14},"end":{"line":28,"column":3}}},"2":{"name":"(anonymous_8)","decl":{"start":{"line":30,"column":9},"end":{"line":30,"column":13}},"loc":{"start":{"line":30,"column":13},"end":{"line":33,"column":3}}},"3":{"name":"(anonymous_9)","decl":{"start":{"line":37,"column":10},"end":{"line":37,"column":18}},"loc":{"start":{"line":37,"column":34},"end":{"line":39,"column":3}}},"4":{"name":"(anonymous_10)","decl":{"start":{"line":41,"column":10},"end":{"line":41,"column":28}},"loc":{"start":{"line":41,"column":41},"end":{"line":43,"column":3}}},"5":{"name":"(anonymous_11)","decl":{"start":{"line":45,"column":16},"end":{"line":45,"column":19}},"loc":{"start":{"line":45,"column":77},"end":{"line":68,"column":null}}}},"branchMap":{"0":{"loc":{"start":{"line":16,"column":29},"end":{"line":16,"column":36}},"type":"cond-expr","locations":[{"start":{"line":16,"column":29},"end":{"line":16,"column":36}},{"start":{"line":16,"column":39},"end":{"line":16,"column":45}}]},"1":{"loc":{"start":{"line":46,"column":4},"end":{"line":51,"column":null}},"type":"if","locations":[{"start":{"line":46,"column":4},"end":{"line":51,"column":null}},{"start":{"line":46,"column":4},"end":{"line":51,"column":null}}]}},"s":{"0":6,"1":6,"2":6,"3":36,"4":36,"5":36,"6":36,"7":36,"8":36,"9":36,"10":36,"11":36,"12":0,"13":54,"14":6,"15":6,"16":6,"17":6,"18":48,"19":48,"20":48,"21":48,"22":0,"23":0,"24":6},"f":{"0":36,"1":36,"2":36,"3":36,"4":0,"5":54},"b":{"0":[36,0],"1":[6,48]}}
,"/home/stefan/Documents/Musicplayer/Backend_Multirepo/modules/logger/src/message-bus.ts": {"path":"/home/stefan/Documents/Musicplayer/Backend_Multirepo/modules/logger/src/message-bus.ts","statementMap":{"0":{"start":{"line":1,"column":0},"end":{"line":1,"column":38}},"1":{"start":{"line":10,"column":4},"end":{"line":10,"column":38}},"2":{"start":{"line":15,"column":4},"end":{"line":15,"column":57}},"3":{"start":{"line":3,"column":0},"end":{"line":3,"column":13}}},"fnMap":{"0":{"name":"(anonymous_0)","decl":{"start":{"line":9,"column":2},"end":{"line":9,"column":null}},"loc":{"start":{"line":9,"column":2},"end":{"line":11,"column":3}}},"1":{"name":"(anonymous_1)","decl":{"start":{"line":14,"column":9},"end":{"line":14,"column":15}},"loc":{"start":{"line":14,"column":28},"end":{"line":16,"column":3}}}},"branchMap":{"0":{"loc":{"start":{"line":15,"column":11},"end":{"line":15,"column":24}},"type":"binary-expr","locations":[{"start":{"line":15,"column":11},"end":{"line":15,"column":24}},{"start":{"line":15,"column":29},"end":{"line":15,"column":55}}]}},"s":{"0":6,"1":6,"2":108,"3":6},"f":{"0":6,"1":108},"b":{"0":[108,6]}}
,"/home/stefan/Documents/Musicplayer/Backend_Multirepo/modules/logger/src/enums/LogLevel.ts": {"path":"/home/stefan/Documents/Musicplayer/Backend_Multirepo/modules/logger/src/enums/LogLevel.ts","statementMap":{"0":{"start":{"line":1,"column":0},"end":{"line":1,"column":null}},"1":{"start":{"line":2,"column":2},"end":{"line":2,"column":null}},"2":{"start":{"line":3,"column":2},"end":{"line":3,"column":null}},"3":{"start":{"line":4,"column":2},"end":{"line":4,"column":null}},"4":{"start":{"line":5,"column":2},"end":{"line":5,"column":null}},"5":{"start":{"line":6,"column":2},"end":{"line":6,"column":null}},"6":{"start":{"line":7,"column":2},"end":{"line":7,"column":null}}},"fnMap":{"0":{"name":"(anonymous_0)","decl":{"start":{"line":1,"column":0},"end":{"line":1,"column":12}},"loc":{"start":{"line":1,"column":20},"end":{"line":8,"column":1}}}},"branchMap":{"0":{"loc":{"start":{"line":1,"column":12},"end":{"line":1,"column":20}},"type":"binary-expr","locations":[{"start":{"line":1,"column":12},"end":{"line":1,"column":20}},{"start":{"line":1,"column":12},"end":{"line":1,"column":null}}]}},"s":{"0":6,"1":6,"2":6,"3":6,"4":6,"5":6,"6":6},"f":{"0":6},"b":{"0":[6,6]}}
}
