TN:
SF:/home/stefan/Documents/Musicplayer/Backend_Multirepo/modules/logger/src/index.ts
FNF:0
FNH:0
DA:1,6
DA:2,6
DA:4,6
LF:3
LH:3
BRF:0
BRH:0
end_of_record
TN:
SF:/home/stefan/Documents/Musicplayer/Backend_Multirepo/modules/logger/src/log_functions.ts
FN:6,log
FN:10,log_error
FN:14,log_warn
FN:18,log_info
FN:22,log_verbose
FN:26,log_debug
FN:30,log_silly
FNF:7
FNH:7
FNDA:36,log
FNDA:6,log_error
FNDA:6,log_warn
FNDA:6,log_info
FNDA:6,log_verbose
FNDA:6,log_debug
FNDA:6,log_silly
DA:1,6
DA:2,6
DA:7,36
DA:10,6
DA:11,6
DA:14,6
DA:15,6
DA:18,6
DA:19,6
DA:22,6
DA:23,6
DA:26,6
DA:27,6
DA:30,6
DA:31,6
LF:15
LH:15
BRF:0
BRH:0
end_of_record
TN:
SF:/home/stefan/Documents/Musicplayer/Backend_Multirepo/modules/logger/src/logger.ts
FN:15,(anonymous_6)
FN:23,(anonymous_7)
FN:30,(anonymous_8)
FN:37,(anonymous_9)
FN:41,(anonymous_10)
FN:45,(anonymous_11)
FNF:6
FNH:5
FNDA:36,(anonymous_6)
FNDA:36,(anonymous_7)
FNDA:36,(anonymous_8)
FNDA:36,(anonymous_9)
FNDA:0,(anonymous_10)
FNDA:54,(anonymous_11)
DA:1,6
DA:3,6
DA:4,6
DA:8,6
DA:16,36
DA:17,36
DA:19,36
DA:24,36
DA:26,36
DA:27,36
DA:31,36
DA:32,36
DA:38,36
DA:42,0
DA:46,54
DA:47,6
DA:48,6
DA:49,6
DA:50,6
DA:54,48
DA:61,48
DA:62,48
DA:63,48
DA:65,0
DA:66,0
LF:25
LH:22
BRDA:16,0,0,36
BRDA:16,0,1,0
BRDA:46,1,0,6
BRDA:46,1,1,48
BRF:4
BRH:3
end_of_record
TN:
SF:/home/stefan/Documents/Musicplayer/Backend_Multirepo/modules/logger/src/message-bus.ts
FN:9,(anonymous_0)
FN:14,(anonymous_1)
FNF:2
FNH:2
FNDA:6,(anonymous_0)
FNDA:108,(anonymous_1)
DA:1,6
DA:3,6
DA:10,6
DA:15,108
LF:4
LH:4
BRDA:15,0,0,108
BRDA:15,0,1,6
BRF:2
BRH:2
end_of_record
TN:
SF:/home/stefan/Documents/Musicplayer/Backend_Multirepo/modules/logger/src/enums/LogLevel.ts
FN:1,(anonymous_0)
FNF:1
FNH:1
FNDA:6,(anonymous_0)
DA:1,6
DA:2,6
DA:3,6
DA:4,6
DA:5,6
DA:6,6
DA:7,6
LF:7
LH:7
BRDA:1,0,0,6
BRDA:1,0,1,6
BRF:2
BRH:2
end_of_record
